#
# There is insufficient memory for the Java Runtime Environment to continue.
# Native memory allocation (mmap) failed to map 67108864 bytes for G1 virtual space
# Possible reasons:
#   The system is out of physical RAM or swap space
#   The process is running with CompressedOops enabled, and the Java Heap may be blocking the growth of the native heap
# Possible solutions:
#   Reduce memory load on the system
#   Increase physical memory or swap space
#   Check if swap backing store is full
#   Decrease Java heap size (-Xmx/-Xms)
#   Decrease number of Java threads
#   Decrease Java thread stack sizes (-Xss)
#   Set larger code cache with -XX:ReservedCodeCacheSize=
#   JVM is running with Unscaled Compressed Oops mode in which the Java heap is
#     placed in the first 4GB address space. The Java Heap base address is the
#     maximum limit for the native heap growth. Please use -XX:HeapBaseMinAddress
#     to set the Java Heap base and to place the Java Heap above 4GB virtual address.
# This output file may be truncated or incomplete.
#
#  Out of Memory Error (os_windows.cpp:3548), pid=868548, tid=869088
#
# JRE version:  (17.0.11+7) (build )
# Java VM: Java HotSpot(TM) 64-Bit Server VM (17.0.11+7-LTS-207, mixed mode, sharing, tiered, compressed oops, compressed class ptrs, g1 gc, windows-amd64)
# No core dump will be written. Minidumps are not enabled by default on client versions of Windows
#

---------------  S U M M A R Y ------------

Command Line: -Xmx64m -Xms64m -Dorg.gradle.appname=gradlew org.gradle.wrapper.GradleWrapperMain app:installDebug -PreactNativeDevServerPort=8081

Host: AMD Ryzen 5 4500U with Radeon Graphics         , 6 cores, 7G,  Windows 11 , 64 bit Build 26100 (10.0.26100.3775)
Time: Sat Apr 12 19:35:24 2025 Arab Standard Time elapsed time: 0.126725 seconds (0d 0h 0m 0s)

---------------  T H R E A D  ---------------

Current thread (0x000001543511afb0):  JavaThread "Unknown thread" [_thread_in_vm, id=869088, stack(0x00000009cd000000,0x00000009cd100000)]

Stack: [0x00000009cd000000,0x00000009cd100000]
Native frames: (J=compiled Java code, j=interpreted, Vv=VM code, C=native code)
V  [jvm.dll+0x679cca]
V  [jvm.dll+0x7da13d]
V  [jvm.dll+0x7dba83]
V  [jvm.dll+0x7dc0f3]
V  [jvm.dll+0x2449af]
V  [jvm.dll+0x676ce9]
V  [jvm.dll+0x66b852]
V  [jvm.dll+0x3018d6]
V  [jvm.dll+0x308e76]
V  [jvm.dll+0x3596ee]
V  [jvm.dll+0x35991f]
V  [jvm.dll+0x2d89a8]
V  [jvm.dll+0x2d9914]
V  [jvm.dll+0x7ac6b1]
V  [jvm.dll+0x366f61]
V  [jvm.dll+0x78b609]
V  [jvm.dll+0x3ec22f]
V  [jvm.dll+0x3ede61]
C  [jli.dll+0x5297]
C  [ucrtbase.dll+0x37b0]
C  [KERNEL32.DLL+0x2e8d7]
C  [ntdll.dll+0xb14fc]


---------------  P R O C E S S  ---------------

Threads class SMR info:
_java_thread_list=0x00007ffd377f7a18, length=0, elements={
}

Java Threads: ( => current thread )

Other Threads:
  0x0000015435270fa0 GCTaskThread "GC Thread#0" [stack: 0x00000009cd100000,0x00000009cd200000] [id=869084]
  0x0000015435273700 ConcurrentGCThread "G1 Main Marker" [stack: 0x00000009cd200000,0x00000009cd300000] [id=865612]
  0x0000015435274110 ConcurrentGCThread "G1 Conc#0" [stack: 0x00000009cd300000,0x00000009cd400000] [id=868200]

[error occurred during error reporting (printing all threads), id 0xc0000005, EXCEPTION_ACCESS_VIOLATION (0xc0000005) at pc=0x00007ffd37029497]

VM state: not at safepoint (not fully initialized)

VM Mutex/Monitor currently owned by a thread:  ([mutex/lock_event])
[0x00000154352539f0] Heap_lock - owner thread: 0x000001543511afb0

Heap address: 0x00000000fc000000, size: 64 MB, Compressed Oops mode: 32-bit

CDS archive(s) mapped at: [0x0000000000000000-0x0000000000000000-0x0000000000000000), size 0, SharedBaseAddress: 0x0000000800000000, ArchiveRelocationMode: 1.
Narrow klass base: 0x0000000000000000, Narrow klass shift: 0, Narrow klass range: 0x0

GC Precious Log:
<Empty>

Heap:
 garbage-first heap   total 0K, used 0K [0x00000000fc000000, 0x0000000100000000)
  region size 1024K, 0 young (0K), 0 survivors (0K)

[error occurred during error reporting (printing heap information), id 0xc0000005, EXCEPTION_ACCESS_VIOLATION (0xc0000005) at pc=0x00007ffd37413559]

GC Heap History (0 events):
No events

Deoptimization events (0 events):
No events

Classes unloaded (0 events):
No events

Classes redefined (0 events):
No events

Internal exceptions (0 events):
No events

VM Operations (0 events):
No events

Events (1 events):
Event: 0.018 Loaded shared library C:\Program Files\Java\jdk-17\bin\java.dll


Dynamic libraries:
0x00007ff7a6290000 - 0x00007ff7a62a0000 	C:\Program Files\Java\jdk-17\bin\java.exe
0x00007ffdf5de0000 - 0x00007ffdf6040000 	C:\WINDOWS\SYSTEM32\ntdll.dll
0x00007ffdf4c20000 - 0x00007ffdf4ce7000 	C:\WINDOWS\System32\KERNEL32.DLL
0x00007ffdf3550000 - 0x00007ffdf391a000 	C:\WINDOWS\System32\KERNELBASE.dll
0x00007ffdf3260000 - 0x00007ffdf33ab000 	C:\WINDOWS\System32\ucrtbase.dll
0x00007ffdd68a0000 - 0x00007ffdd68b9000 	C:\Program Files\Java\jdk-17\bin\jli.dll
0x00007ffdf3e80000 - 0x00007ffdf3f32000 	C:\WINDOWS\System32\ADVAPI32.dll
0x00007ffdf41c0000 - 0x00007ffdf4269000 	C:\WINDOWS\System32\msvcrt.dll
0x00007ffdf4110000 - 0x00007ffdf41b6000 	C:\WINDOWS\System32\sechost.dll
0x00007ffdf3f40000 - 0x00007ffdf4056000 	C:\WINDOWS\System32\RPCRT4.dll
0x00007ffdf59b0000 - 0x00007ffdf5b7c000 	C:\WINDOWS\System32\USER32.dll
0x00007ffdf3520000 - 0x00007ffdf3547000 	C:\WINDOWS\System32\win32u.dll
0x00007ffdf4060000 - 0x00007ffdf408a000 	C:\WINDOWS\System32\GDI32.dll
0x00007ffdc6540000 - 0x00007ffdc655b000 	C:\Program Files\Java\jdk-17\bin\VCRUNTIME140.dll
0x00007ffdf3120000 - 0x00007ffdf3251000 	C:\WINDOWS\System32\gdi32full.dll
0x00007ffdf3920000 - 0x00007ffdf39c3000 	C:\WINDOWS\System32\msvcp_win.dll
0x00007ffdecd60000 - 0x00007ffdecd6b000 	C:\WINDOWS\SYSTEM32\VERSION.dll
0x00007ffddd760000 - 0x00007ffddd9f7000 	C:\WINDOWS\WinSxS\amd64_microsoft.windows.common-controls_6595b64144ccf1df_6.0.26100.3624_none_3e086962e3345f24\COMCTL32.dll
0x00007ffdf4ea0000 - 0x00007ffdf4ecf000 	C:\WINDOWS\System32\IMM32.DLL
0x00007ffde94c0000 - 0x00007ffde94cc000 	C:\Program Files\Java\jdk-17\bin\vcruntime140_1.dll
0x00007ffdc4070000 - 0x00007ffdc40fe000 	C:\Program Files\Java\jdk-17\bin\msvcp140.dll
0x00007ffd36d40000 - 0x00007ffd37920000 	C:\Program Files\Java\jdk-17\bin\server\jvm.dll
0x00007ffdf43e0000 - 0x00007ffdf43e8000 	C:\WINDOWS\System32\PSAPI.DLL
0x00007ffddbfc0000 - 0x00007ffddbfca000 	C:\WINDOWS\SYSTEM32\WSOCK32.dll
0x00007ffdecd20000 - 0x00007ffdecd56000 	C:\WINDOWS\SYSTEM32\WINMM.dll
0x00007ffdf43f0000 - 0x00007ffdf4464000 	C:\WINDOWS\System32\WS2_32.dll
0x00007ffdf1ef0000 - 0x00007ffdf1f0a000 	C:\WINDOWS\SYSTEM32\kernel.appcore.dll
0x00007ffde6960000 - 0x00007ffde696a000 	C:\Program Files\Java\jdk-17\bin\jimage.dll
0x00007ffdf0610000 - 0x00007ffdf0851000 	C:\WINDOWS\SYSTEM32\DBGHELP.DLL
0x00007ffdf5460000 - 0x00007ffdf57e2000 	C:\WINDOWS\System32\combase.dll
0x00007ffdf5cc0000 - 0x00007ffdf5d96000 	C:\WINDOWS\System32\OLEAUT32.dll
0x00007ffdc2ec0000 - 0x00007ffdc2ef9000 	C:\WINDOWS\SYSTEM32\dbgcore.DLL
0x00007ffdf3080000 - 0x00007ffdf3119000 	C:\WINDOWS\System32\bcryptPrimitives.dll
0x00007ffdb7ed0000 - 0x00007ffdb7ef5000 	C:\Program Files\Java\jdk-17\bin\java.dll

dbghelp: loaded successfully - version: 4.0.5 - missing functions: none
symbol engine: initialized successfully - sym options: 0x614 - pdb path: .;C:\Program Files\Java\jdk-17\bin;C:\WINDOWS\SYSTEM32;C:\WINDOWS\WinSxS\amd64_microsoft.windows.common-controls_6595b64144ccf1df_6.0.26100.3624_none_3e086962e3345f24;C:\Program Files\Java\jdk-17\bin\server

VM Arguments:
jvm_args: -Xmx64m -Xms64m -Dorg.gradle.appname=gradlew 
java_command: org.gradle.wrapper.GradleWrapperMain app:installDebug -PreactNativeDevServerPort=8081
java_class_path (initial): C:\Users\ASUS\MatchChatApp\android\\gradle\wrapper\gradle-wrapper.jar
Launcher Type: SUN_STANDARD

[Global flags]
     intx CICompilerCount                          = 3                                         {product} {ergonomic}
     uint ConcGCThreads                            = 2                                         {product} {ergonomic}
     uint G1ConcRefinementThreads                  = 6                                         {product} {ergonomic}
   size_t G1HeapRegionSize                         = 1048576                                   {product} {ergonomic}
    uintx GCDrainStackTargetSize                   = 64                                        {product} {ergonomic}
   size_t InitialHeapSize                          = 67108864                                  {product} {command line}
   size_t MarkStackSize                            = 4194304                                   {product} {ergonomic}
   size_t MaxHeapSize                              = 67108864                                  {product} {command line}
   size_t MinHeapDeltaBytes                        = 1048576                                   {product} {ergonomic}
   size_t MinHeapSize                              = 67108864                                  {product} {command line}
    uintx NonNMethodCodeHeapSize                   = 5832780                                {pd product} {ergonomic}
    uintx NonProfiledCodeHeapSize                  = 122912730                              {pd product} {ergonomic}
    uintx ProfiledCodeHeapSize                     = 122912730                              {pd product} {ergonomic}
    uintx ReservedCodeCacheSize                    = 251658240                              {pd product} {ergonomic}
     bool SegmentedCodeCache                       = true                                      {product} {ergonomic}
   size_t SoftMaxHeapSize                          = 67108864                               {manageable} {ergonomic}
     bool UseCompressedClassPointers               = true                           {product lp64_product} {ergonomic}
     bool UseCompressedOops                        = true                           {product lp64_product} {ergonomic}
     bool UseG1GC                                  = true                                      {product} {ergonomic}
     bool UseLargePagesIndividualAllocation        = false                                  {pd product} {ergonomic}

Logging:
Log output configuration:
 #0: stdout all=warning uptime,level,tags
 #1: stderr all=off uptime,level,tags

Environment Variables:
JAVA_HOME=C:\Program Files\Java\jdk-17
CLASSPATH=C:\Users\ASUS\MatchChatApp\android\\gradle\wrapper\gradle-wrapper.jar
PATH=C:\Users\ASUS\MatchChatApp\node_modules\.bin;C:\Users\ASUS\MatchChatApp\node_modules\.bin;C:\Users\ASUS\node_modules\.bin;C:\Users\node_modules\.bin;C:\node_modules\.bin;C:\Program Files\nodejs\node_modules\npm\node_modules\@npmcli\run-script\lib\node-gyp-bin;C:\Users\ASUS\MatchChatApp\node_modules\.bin;C:\Users\ASUS\MatchChatApp\node_modules\.bin;C:\Users\ASUS\node_modules\.bin;C:\Users\node_modules\.bin;C:\node_modules\.bin;C:\Program Files\nodejs\node_modules\npm\node_modules\@npmcli\run-script\lib\node-gyp-bin;C:\Program Files\Java\jdk-17\bin;C:\Python312\Scripts\;C:\Python312\;C:\WINDOWS\system32;C:\WINDOWS;C:\WINDOWS\System32\Wbem;C:\WINDOWS\System32\WindowsPowerShell\v1.0\;C:\WINDOWS\System32\OpenSSH\;C:\Program Files\nodejs\;C:\ProgramData\chocolatey\bin;C:\Users\ASUS\AppData\Local\Android\Sdk\platform-tools;C:\Users\ASUS\AppData\Local\Android\Sdk\tools;C:\Users\ASUS\AppData\Local\Android\Sdk\platform-tools;C:\Program Files\Inkscape\bin;C:\Program Files\Git\cmd;C:\Program Files\OpenSSL-Win64\bin;C:\Users\ASUS\AppData\Local\Programs\Python\Python311\Scripts\;C:\Users\ASUS\AppData\Local\Programs\Python\Python311\;C:\Program Files\Java\jdk-17\bin;C:\Users\ASUS\AppData\Local\Android\Sdk\platform-tools;C:\Users\ASUS\AppData\Local\Android\Sdk\tools;C:\Users\ASUS\AppData\Local\jdk-11.0.2\bin;C:\Users\ASUS\AppData\Local\Programs\Python\Python310\Scripts\;C:\Users\ASUS\AppData\Local\Programs\Python\Python310\;C:\Users\ASUS\AppData\Local\Microsoft\WindowsApps;C:\Program Files\JetBrains\PyCharm Community Edition 2021.3.3\bin;;C:\Users\ASUS\AppData\Roaming\npm;C:\Users\ASUS\AppData\Local\Programs\Microsoft VS Code\bin;;C:\Users\ASUS\AppData\Roaming\Python\Scripts
USERNAME=ASUS
OS=Windows_NT
PROCESSOR_IDENTIFIER=AMD64 Family 23 Model 96 Stepping 1, AuthenticAMD



---------------  S Y S T E M  ---------------

OS:
 Windows 11 , 64 bit Build 26100 (10.0.26100.3775)
OS uptime: 1 days 7:47 hours
Hyper-V role detected

CPU: total 6 (initial active 6) (6 cores per cpu, 1 threads per core) family 23 model 96 stepping 1 microcode 0x8600106, cx8, cmov, fxsr, mmx, 3dnowpref, sse, sse2, sse3, ssse3, sse4a, sse4.1, sse4.2, popcnt, lzcnt, tsc, tscinvbit, avx, avx2, aes, clmul, bmi1, bmi2, adx, sha, fma, vzeroupper, clflush, clflushopt, hv

Memory: 4k page, system-wide physical 7599M (625M free)
TotalPageFile size 31151M (AvailPageFile size 55M)
current process WorkingSet (physical memory assigned to process): 11M, peak: 11M
current process commit charge ("private bytes"): 55M, peak: 119M

vm_info: Java HotSpot(TM) 64-Bit Server VM (17.0.11+7-LTS-207) for windows-amd64 JRE (17.0.11+7-LTS-207), built on Mar 11 2024 19:01:50 by "mach5one" with MS VC++ 17.6 (VS2022)

END.
